<?xml version="1.0" encoding="UTF-8"?>
<testng-results skipped="0" failed="0" total="1" passed="1">
  <reporter-output>
  </reporter-output>
  <suite name="Default suite" duration-ms="12933" started-at="2020-08-12T09:43:26Z" finished-at="2020-08-12T09:43:39Z">
    <groups>
    </groups>
    <test name="Default test" duration-ms="12933" started-at="2020-08-12T09:43:26Z" finished-at="2020-08-12T09:43:39Z">
      <class name="Demo.TC_04_ClickOnImage">
        <test-method status="PASS" signature="beforeClass()[pri:0, instance:Demo.TC_04_ClickOnImage@4d339552]" name="beforeClass" is-config="true" duration-ms="5995" started-at="2020-08-12T16:43:26Z" finished-at="2020-08-12T16:43:32Z">
          <reporter-output>
          </reporter-output>
        </test-method> <!-- beforeClass -->
        <test-method status="PASS" signature="beforeMethod()[pri:0, instance:Demo.TC_04_ClickOnImage@4d339552]" name="beforeMethod" is-config="true" duration-ms="3088" started-at="2020-08-12T16:43:32Z" finished-at="2020-08-12T16:43:35Z">
          <reporter-output>
          </reporter-output>
        </test-method> <!-- beforeMethod -->
        <test-method status="PASS" signature="TC_01_clickOnImage()[pri:0, instance:Demo.TC_04_ClickOnImage@4d339552]" name="TC_01_clickOnImage" duration-ms="3099" started-at="2020-08-12T16:43:35Z" finished-at="2020-08-12T16:43:38Z">
          <reporter-output>
          </reporter-output>
        </test-method> <!-- TC_01_clickOnImage -->
        <test-method status="PASS" signature="afterClass()[pri:0, instance:Demo.TC_04_ClickOnImage@4d339552]" name="afterClass" is-config="true" duration-ms="726" started-at="2020-08-12T16:43:38Z" finished-at="2020-08-12T16:43:39Z">
          <reporter-output>
          </reporter-output>
        </test-method> <!-- afterClass -->
      </class> <!-- Demo.TC_04_ClickOnImage -->
    </test> <!-- Default test -->
  </suite> <!-- Default suite -->
</testng-results>
